{
  "stats": {
    "suites": 1,
    "tests": 1,
    "passes": 1,
    "pending": 0,
    "failures": 0,
    "start": "2023-08-16T20:09:54.306Z",
    "end": "2023-08-16T20:10:00.416Z",
    "duration": 6110,
    "testsRegistered": 1,
    "passPercent": 100,
    "pendingPercent": 0,
    "other": 0,
    "hasOther": false,
    "skipped": 0,
    "hasSkipped": false
  },
  "results": [
    {
      "uuid": "8eef2e2b-6c7b-49bd-8763-b6d092833151",
      "title": "",
      "fullFile": "F:\\budapest-realestimation\\test\\test.js",
      "file": "\\test\\test.js",
      "beforeHooks": [],
      "afterHooks": [],
      "tests": [],
      "suites": [
        {
          "uuid": "0f6c41cf-56e4-44d9-a933-2f9ce4f8a852",
          "title": "send request",
          "fullFile": "F:\\budapest-realestimation\\test\\test.js",
          "file": "\\test\\test.js",
          "beforeHooks": [],
          "afterHooks": [],
          "tests": [
            {
              "title": "successfully sends a request",
              "fullTitle": "send request successfully sends a request",
              "timedOut": false,
              "duration": 6105,
              "state": "passed",
              "speed": "slow",
              "pass": true,
              "fail": false,
              "pending": false,
              "context": null,
              "code": "const URL = \"http://localhost:8080\";\nconst responseExpected = \"[object Object]\";\nlet driver = await new Builder().forBrowser(\"firefox\").build();\nawait driver.get(URL);\nconst submitBtn = await driver.findElement(By.className(\"submitBtn\"));\nawait driver.executeScript(\"arguments[0].scrollIntoView();\", submitBtn);\nawait driver.sleep(2000);\nawait submitBtn.click();\nlet responseActual = await driver\n  .findElement(By.className(\"result\"))\n  .getText()\n  .then((val) => val);\nassert.equal(responseActual, responseExpected);\nawait driver.quit();",
              "err": {},
              "uuid": "c6040529-15d1-42b3-8bd3-a38c8e7f2a60",
              "parentUUID": "0f6c41cf-56e4-44d9-a933-2f9ce4f8a852",
              "isHook": false,
              "skipped": false
            }
          ],
          "suites": [],
          "passes": [
            "c6040529-15d1-42b3-8bd3-a38c8e7f2a60"
          ],
          "failures": [],
          "pending": [],
          "skipped": [],
          "duration": 6105,
          "root": false,
          "rootEmpty": false,
          "_timeout": 0
        }
      ],
      "passes": [],
      "failures": [],
      "pending": [],
      "skipped": [],
      "duration": 0,
      "root": true,
      "rootEmpty": true,
      "_timeout": 0
    }
  ],
  "meta": {
    "mocha": {
      "version": "10.2.0"
    },
    "mochawesome": {
      "options": {
        "quiet": false,
        "reportFilename": "mochawesome",
        "saveHtml": true,
        "saveJson": true,
        "consoleReporter": "spec",
        "useInlineDiffs": false,
        "code": true
      },
      "version": "7.1.3"
    },
    "marge": {
      "options": null,
      "version": "6.2.0"
    }
  }
}