{
  "stats": {
    "suites": 1,
    "tests": 1,
    "passes": 1,
    "pending": 0,
    "failures": 0,
    "start": "2023-08-17T19:32:35.337Z",
    "end": "2023-08-17T19:32:41.100Z",
    "duration": 5763,
    "testsRegistered": 1,
    "passPercent": 100,
    "pendingPercent": 0,
    "other": 0,
    "hasOther": false,
    "skipped": 0,
    "hasSkipped": false
  },
  "results": [
    {
      "uuid": "41349c66-630a-4c71-8f35-8aca9b96767e",
      "title": "",
      "fullFile": "F:\\budapest-realestimation\\test\\test.js",
      "file": "\\test\\test.js",
      "beforeHooks": [],
      "afterHooks": [],
      "tests": [],
      "suites": [
        {
          "uuid": "1a51a623-e5fb-445a-90bf-0d0d0c3a53df",
          "title": "send request",
          "fullFile": "F:\\budapest-realestimation\\test\\test.js",
          "file": "\\test\\test.js",
          "beforeHooks": [],
          "afterHooks": [],
          "tests": [
            {
              "title": "successfully sends a request",
              "fullTitle": "send request successfully sends a request",
              "timedOut": false,
              "duration": 5758,
              "state": "passed",
              "speed": "slow",
              "pass": true,
              "fail": false,
              "pending": false,
              "context": null,
              "code": "const URL = \"http://localhost:8080\";\nconst responseExpected = \"[object Object]\";\nlet driver = await new Builder().forBrowser(\"firefox\").build();\nawait driver.get(URL);\nconst submitBtn = await driver.findElement(By.className(\"submitBtn\"));\nawait driver.executeScript(\"arguments[0].scrollIntoView();\", submitBtn);\nawait driver.sleep(2000);\nawait submitBtn.click();\nlet responseActual = await driver\n  .findElement(By.className(\"result\"))\n  .getText()\n  .then((val) => val);\nassert.equal(responseActual, responseExpected);\nawait driver.quit();",
              "err": {},
              "uuid": "f4c12d59-9895-4d43-b7b2-ca515375564a",
              "parentUUID": "1a51a623-e5fb-445a-90bf-0d0d0c3a53df",
              "isHook": false,
              "skipped": false
            }
          ],
          "suites": [],
          "passes": [
            "f4c12d59-9895-4d43-b7b2-ca515375564a"
          ],
          "failures": [],
          "pending": [],
          "skipped": [],
          "duration": 5758,
          "root": false,
          "rootEmpty": false,
          "_timeout": 0
        }
      ],
      "passes": [],
      "failures": [],
      "pending": [],
      "skipped": [],
      "duration": 0,
      "root": true,
      "rootEmpty": true,
      "_timeout": 0
    }
  ],
  "meta": {
    "mocha": {
      "version": "10.2.0"
    },
    "mochawesome": {
      "options": {
        "quiet": false,
        "reportFilename": "mochawesome",
        "saveHtml": true,
        "saveJson": true,
        "consoleReporter": "spec",
        "useInlineDiffs": false,
        "code": true
      },
      "version": "7.1.3"
    },
    "marge": {
      "options": null,
      "version": "6.2.0"
    }
  }
}